# JRE version: OpenJDK Runtime Environment Corretto-15.0.2.7.1 (15.0.2+7) (build 15.0.2+7)
# Java VM: OpenJDK 64-Bit Server VM Corretto-15.0.2.7.1 (15.0.2+7, mixed mode, sharing, tiered, compressed oops, g1 gc, windows-amd64)
GC Precious Log:
 CPUs: 8 total, 8 available
 Memory: 3978M
 Large Page Support: Disabled
 NUMA Support: Disabled
 Compressed Oops: Enabled (32-bit)
 Heap Region Size: 1M
 Heap Min Capacity: 8M
 Heap Initial Capacity: 64M
 Heap Max Capacity: 996M
 Pre-touch: Disabled
 Parallel Workers: 8
 Concurrent Workers: 2
 Concurrent Refinement Workers: 8
 Periodic GC: Disabled
Heap:
 garbage-first heap   total 167936K, used 98707K [0x00000000c1c00000, 0x0000000100000000)
  region size 1024K, 2 young (2048K), 1 survivors (1024K)
 Metaspace       used 22873K, capacity 23213K, committed 23552K, reserved 1069056K
  class space    used 2880K, capacity 2986K, committed 3072K, reserved 1048576K
GC Heap History (20 events):
Event: 123.256 GC heap before
{Heap before GC invocations=26 (full 0):
 garbage-first heap   total 111616K, used 80887K [0x00000000c1c00000, 0x0000000100000000)
  region size 1024K, 21 young (21504K), 3 survivors (3072K)
 Metaspace       used 22786K, capacity 23149K, committed 23296K, reserved 1069056K
  class space    used 2880K, capacity 2986K, committed 3072K, reserved 1048576K
}
Event: 123.268 GC heap after
{Heap after GC invocations=27 (full 0):
 garbage-first heap   total 111616K, used 70656K [0x00000000c1c00000, 0x0000000100000000)
  region size 1024K, 3 young (3072K), 3 survivors (3072K)
 Metaspace       used 22786K, capacity 23149K, committed 23296K, reserved 1069056K
  class space    used 2880K, capacity 2986K, committed 3072K, reserved 1048576K
}
Event: 133.256 GC heap before
{Heap before GC invocations=27 (full 0):
 garbage-first heap   total 111616K, used 84992K [0x00000000c1c00000, 0x0000000100000000)
  region size 1024K, 17 young (17408K), 3 survivors (3072K)
 Metaspace       used 22831K, capacity 23213K, committed 23552K, reserved 1069056K
  class space    used 2880K, capacity 2986K, committed 3072K, reserved 1048576K
}
Event: 133.272 GC heap after
{Heap after GC invocations=28 (full 0):
 garbage-first heap   total 111616K, used 77539K [0x00000000c1c00000, 0x0000000100000000)
  region size 1024K, 3 young (3072K), 3 survivors (3072K)
 Metaspace       used 22831K, capacity 23213K, committed 23552K, reserved 1069056K
  class space    used 2880K, capacity 2986K, committed 3072K, reserved 1048576K
}
Event: 143.237 GC heap before
{Heap before GC invocations=28 (full 0):
 garbage-first heap   total 111616K, used 87779K [0x00000000c1c00000, 0x0000000100000000)
  region size 1024K, 13 young (13312K), 3 survivors (3072K)
 Metaspace       used 22849K, capacity 23213K, committed 23552K, reserved 1069056K
  class space    used 2880K, capacity 2986K, committed 3072K, reserved 1048576K
}
Event: 143.255 GC heap after
{Heap after GC invocations=29 (full 0):
 garbage-first heap   total 111616K, used 82333K [0x00000000c1c00000, 0x0000000100000000)
  region size 1024K, 2 young (2048K), 2 survivors (2048K)
 Metaspace       used 22849K, capacity 23213K, committed 23552K, reserved 1069056K
  class space    used 2880K, capacity 2986K, committed 3072K, reserved 1048576K
}
Event: 150.352 GC heap before
{Heap before GC invocations=29 (full 0):
 garbage-first heap   total 111616K, used 90525K [0x00000000c1c00000, 0x0000000100000000)
  region size 1024K, 10 young (10240K), 2 survivors (2048K)
 Metaspace       used 22859K, capacity 23213K, committed 23552K, reserved 1069056K
  class space    used 2880K, capacity 2986K, committed 3072K, reserved 1048576K
}
Event: 150.362 GC heap after
{Heap after GC invocations=30 (full 0):
 garbage-first heap   total 111616K, used 86372K [0x00000000c1c00000, 0x0000000100000000)
  region size 1024K, 2 young (2048K), 2 survivors (2048K)
 Metaspace       used 22859K, capacity 23213K, committed 23552K, reserved 1069056K
  class space    used 2880K, capacity 2986K, committed 3072K, reserved 1048576K
}
Event: 153.229 GC heap before
{Heap before GC invocations=30 (full 0):
 garbage-first heap   total 111616K, used 92516K [0x00000000c1c00000, 0x0000000100000000)
  region size 1024K, 8 young (8192K), 2 survivors (2048K)
 Metaspace       used 22861K, capacity 23213K, committed 23552K, reserved 1069056K
  class space    used 2880K, capacity 2986K, committed 3072K, reserved 1048576K
}
Event: 153.235 GC heap after
{Heap after GC invocations=31 (full 0):
 garbage-first heap   total 111616K, used 89343K [0x00000000c1c00000, 0x0000000100000000)
  region size 1024K, 1 young (1024K), 1 survivors (1024K)
 Metaspace       used 22861K, capacity 23213K, committed 23552K, reserved 1069056K
  class space    used 2880K, capacity 2986K, committed 3072K, reserved 1048576K
}
Event: 153.252 GC heap before
{Heap before GC invocations=31 (full 0):
 garbage-first heap   total 111616K, used 93439K [0x00000000c1c00000, 0x0000000100000000)
  region size 1024K, 5 young (5120K), 1 survivors (1024K)
 Metaspace       used 22864K, capacity 23213K, committed 23552K, reserved 1069056K
  class space    used 2880K, capacity 2986K, committed 3072K, reserved 1048576K
}
Event: 153.258 GC heap after
{Heap after GC invocations=32 (full 0):
 garbage-first heap   total 111616K, used 91379K [0x00000000c1c00000, 0x0000000100000000)
  region size 1024K, 1 young (1024K), 1 survivors (1024K)
 Metaspace       used 22864K, capacity 23213K, committed 23552K, reserved 1069056K
  class space    used 2880K, capacity 2986K, committed 3072K, reserved 1048576K
}
Event: 160.378 GC heap before
{Heap before GC invocations=32 (full 0):
 garbage-first heap   total 111616K, used 95475K [0x00000000c1c00000, 0x0000000100000000)
  region size 1024K, 5 young (5120K), 1 survivors (1024K)
 Metaspace       used 22865K, capacity 23213K, committed 23552K, reserved 1069056K
  class space    used 2880K, capacity 2986K, committed 3072K, reserved 1048576K
}
Event: 160.381 GC heap after
{Heap after GC invocations=33 (full 0):
 garbage-first heap   total 111616K, used 93112K [0x00000000c1c00000, 0x0000000100000000)
  region size 1024K, 1 young (1024K), 1 survivors (1024K)
 Metaspace       used 22865K, capacity 23213K, committed 23552K, reserved 1069056K
  class space    used 2880K, capacity 2986K, committed 3072K, reserved 1048576K
}
Event: 163.266 GC heap before
{Heap before GC invocations=33 (full 0):
 garbage-first heap   total 111616K, used 97208K [0x00000000c1c00000, 0x0000000100000000)
  region size 1024K, 5 young (5120K), 1 survivors (1024K)
 Metaspace       used 22865K, capacity 23213K, committed 23552K, reserved 1069056K
  class space    used 2880K, capacity 2986K, committed 3072K, reserved 1048576K
}
Event: 163.295 GC heap after
{Heap after GC invocations=34 (full 0):
 garbage-first heap   total 111616K, used 94930K [0x00000000c1c00000, 0x0000000100000000)
  region size 1024K, 1 young (1024K), 1 survivors (1024K)
 Metaspace       used 22865K, capacity 23213K, committed 23552K, reserved 1069056K
  class space    used 2880K, capacity 2986K, committed 3072K, reserved 1048576K
}
Event: 163.460 GC heap before
{Heap before GC invocations=34 (full 0):
 garbage-first heap   total 111616K, used 99026K [0x00000000c1c00000, 0x0000000100000000)
  region size 1024K, 5 young (5120K), 1 survivors (1024K)
 Metaspace       used 22869K, capacity 23213K, committed 23552K, reserved 1069056K
  class space    used 2880K, capacity 2986K, committed 3072K, reserved 1048576K
}
Event: 163.465 GC heap after
{Heap after GC invocations=35 (full 0):
 garbage-first heap   total 111616K, used 96865K [0x00000000c1c00000, 0x0000000100000000)
  region size 1024K, 1 young (1024K), 1 survivors (1024K)
 Metaspace       used 22869K, capacity 23213K, committed 23552K, reserved 1069056K
  class space    used 2880K, capacity 2986K, committed 3072K, reserved 1048576K
}
Event: 163.780 GC heap before
{Heap before GC invocations=35 (full 0):
 garbage-first heap   total 111616K, used 100961K [0x00000000c1c00000, 0x0000000100000000)
  region size 1024K, 5 young (5120K), 1 survivors (1024K)
 Metaspace       used 22873K, capacity 23213K, committed 23552K, reserved 1069056K
  class space    used 2880K, capacity 2986K, committed 3072K, reserved 1048576K
}
Event: 163.790 GC heap after
{Heap after GC invocations=36 (full 0):
 garbage-first heap   total 111616K, used 98707K [0x00000000c1c00000, 0x0000000100000000)
  region size 1024K, 1 young (1024K), 1 survivors (1024K)
 Metaspace       used 22873K, capacity 23213K, committed 23552K, reserved 1069056K
  class space    used 2880K, capacity 2986K, committed 3072K, reserved 1048576K
}

